<?xml version="1.0" encoding="UTF-8"?>
<testsuite xmlns:xsi="http://www.w3.org/2001/XMLSchema-instance" xsi:noNamespaceSchemaLocation="https://maven.apache.org/surefire/maven-surefire-plugin/xsd/surefire-test-report.xsd" name="com.mirror.BlogApplicationTests" time="3.262" tests="1" errors="0" skipped="0" failures="0">
  <properties>
    <property name="java.specification.version" value="17"/>
    <property name="sun.cpu.isalist" value="amd64"/>
    <property name="sun.jnu.encoding" value="GBK"/>
    <property name="java.class.path" value="D:\Data\Java-Space\blog\target\test-classes;D:\Data\Java-Space\blog\target\classes;D:\Data\Maven\repository\io\jsonwebtoken\jjwt\0.9.1\jjwt-0.9.1.jar;D:\Data\Maven\repository\com\fasterxml\jackson\core\jackson-databind\2.14.2\jackson-databind-2.14.2.jar;D:\Data\Maven\repository\com\fasterxml\jackson\core\jackson-annotations\2.14.2\jackson-annotations-2.14.2.jar;D:\Data\Maven\repository\com\fasterxml\jackson\core\jackson-core\2.14.2\jackson-core-2.14.2.jar;D:\Data\Maven\repository\org\springframework\boot\spring-boot-starter-web\3.0.5\spring-boot-starter-web-3.0.5.jar;D:\Data\Maven\repository\org\springframework\boot\spring-boot-starter\3.0.5\spring-boot-starter-3.0.5.jar;D:\Data\Maven\repository\org\springframework\boot\spring-boot\3.0.5\spring-boot-3.0.5.jar;D:\Data\Maven\repository\org\springframework\boot\spring-boot-starter-logging\3.0.5\spring-boot-starter-logging-3.0.5.jar;D:\Data\Maven\repository\ch\qos\logback\logback-classic\1.4.6\logback-classic-1.4.6.jar;D:\Data\Maven\repository\ch\qos\logback\logback-core\1.4.6\logback-core-1.4.6.jar;D:\Data\Maven\repository\org\apache\logging\log4j\log4j-to-slf4j\2.19.0\log4j-to-slf4j-2.19.0.jar;D:\Data\Maven\repository\org\apache\logging\log4j\log4j-api\2.19.0\log4j-api-2.19.0.jar;D:\Data\Maven\repository\org\slf4j\jul-to-slf4j\2.0.7\jul-to-slf4j-2.0.7.jar;D:\Data\Maven\repository\jakarta\annotation\jakarta.annotation-api\2.1.1\jakarta.annotation-api-2.1.1.jar;D:\Data\Maven\repository\org\yaml\snakeyaml\1.33\snakeyaml-1.33.jar;D:\Data\Maven\repository\org\springframework\boot\spring-boot-starter-json\3.0.5\spring-boot-starter-json-3.0.5.jar;D:\Data\Maven\repository\com\fasterxml\jackson\datatype\jackson-datatype-jdk8\2.14.2\jackson-datatype-jdk8-2.14.2.jar;D:\Data\Maven\repository\com\fasterxml\jackson\datatype\jackson-datatype-jsr310\2.14.2\jackson-datatype-jsr310-2.14.2.jar;D:\Data\Maven\repository\com\fasterxml\jackson\module\jackson-module-parameter-names\2.14.2\jackson-module-parameter-names-2.14.2.jar;D:\Data\Maven\repository\org\springframework\boot\spring-boot-starter-tomcat\3.0.5\spring-boot-starter-tomcat-3.0.5.jar;D:\Data\Maven\repository\org\apache\tomcat\embed\tomcat-embed-core\10.1.7\tomcat-embed-core-10.1.7.jar;D:\Data\Maven\repository\org\apache\tomcat\embed\tomcat-embed-websocket\10.1.7\tomcat-embed-websocket-10.1.7.jar;D:\Data\Maven\repository\org\springframework\spring-web\6.0.7\spring-web-6.0.7.jar;D:\Data\Maven\repository\org\springframework\spring-beans\6.0.7\spring-beans-6.0.7.jar;D:\Data\Maven\repository\io\micrometer\micrometer-observation\1.10.5\micrometer-observation-1.10.5.jar;D:\Data\Maven\repository\io\micrometer\micrometer-commons\1.10.5\micrometer-commons-1.10.5.jar;D:\Data\Maven\repository\org\springframework\spring-webmvc\6.0.7\spring-webmvc-6.0.7.jar;D:\Data\Maven\repository\org\springframework\spring-aop\6.0.7\spring-aop-6.0.7.jar;D:\Data\Maven\repository\org\springframework\spring-context\6.0.7\spring-context-6.0.7.jar;D:\Data\Maven\repository\org\springframework\spring-expression\6.0.7\spring-expression-6.0.7.jar;D:\Data\Maven\repository\com\mysql\mysql-connector-j\8.0.32\mysql-connector-j-8.0.32.jar;D:\Data\Maven\repository\cn\hutool\hutool-all\5.8.5\hutool-all-5.8.5.jar;D:\Data\Maven\repository\com\alibaba\druid\1.2.11\druid-1.2.11.jar;D:\Data\Maven\repository\org\projectlombok\lombok\1.18.26\lombok-1.18.26.jar;D:\Data\Maven\repository\com\baomidou\mybatis-plus-spring-boot3-starter\3.5.7\mybatis-plus-spring-boot3-starter-3.5.7.jar;D:\Data\Maven\repository\com\baomidou\mybatis-plus\3.5.7\mybatis-plus-3.5.7.jar;D:\Data\Maven\repository\com\baomidou\mybatis-plus-core\3.5.7\mybatis-plus-core-3.5.7.jar;D:\Data\Maven\repository\com\baomidou\mybatis-plus-annotation\3.5.7\mybatis-plus-annotation-3.5.7.jar;D:\Data\Maven\repository\com\baomidou\mybatis-plus-extension\3.5.7\mybatis-plus-extension-3.5.7.jar;D:\Data\Maven\repository\org\mybatis\mybatis\3.5.16\mybatis-3.5.16.jar;D:\Data\Maven\repository\com\github\jsqlparser\jsqlparser\4.9\jsqlparser-4.9.jar;D:\Data\Maven\repository\org\mybatis\mybatis-spring\3.0.3\mybatis-spring-3.0.3.jar;D:\Data\Maven\repository\com\baomidou\mybatis-plus-spring-boot-autoconfigure\3.5.7\mybatis-plus-spring-boot-autoconfigure-3.5.7.jar;D:\Data\Maven\repository\org\springframework\boot\spring-boot-autoconfigure\3.0.5\spring-boot-autoconfigure-3.0.5.jar;D:\Data\Maven\repository\org\springframework\boot\spring-boot-starter-jdbc\3.0.5\spring-boot-starter-jdbc-3.0.5.jar;D:\Data\Maven\repository\com\zaxxer\HikariCP\5.0.1\HikariCP-5.0.1.jar;D:\Data\Maven\repository\org\springframework\spring-jdbc\6.0.7\spring-jdbc-6.0.7.jar;D:\Data\Maven\repository\org\springframework\spring-tx\6.0.7\spring-tx-6.0.7.jar;D:\Data\Maven\repository\com\auth0\java-jwt\4.4.0\java-jwt-4.4.0.jar;D:\Data\Maven\repository\org\springframework\boot\spring-boot-starter-validation\3.0.5\spring-boot-starter-validation-3.0.5.jar;D:\Data\Maven\repository\org\apache\tomcat\embed\tomcat-embed-el\10.1.7\tomcat-embed-el-10.1.7.jar;D:\Data\Maven\repository\org\hibernate\validator\hibernate-validator\8.0.0.Final\hibernate-validator-8.0.0.Final.jar;D:\Data\Maven\repository\jakarta\validation\jakarta.validation-api\3.0.2\jakarta.validation-api-3.0.2.jar;D:\Data\Maven\repository\org\jboss\logging\jboss-logging\3.5.0.Final\jboss-logging-3.5.0.Final.jar;D:\Data\Maven\repository\com\fasterxml\classmate\1.5.1\classmate-1.5.1.jar;D:\Data\Maven\repository\org\springframework\boot\spring-boot-starter-test\3.0.5\spring-boot-starter-test-3.0.5.jar;D:\Data\Maven\repository\org\springframework\boot\spring-boot-test\3.0.5\spring-boot-test-3.0.5.jar;D:\Data\Maven\repository\org\springframework\boot\spring-boot-test-autoconfigure\3.0.5\spring-boot-test-autoconfigure-3.0.5.jar;D:\Data\Maven\repository\com\jayway\jsonpath\json-path\2.7.0\json-path-2.7.0.jar;D:\Data\Maven\repository\net\minidev\json-smart\2.4.10\json-smart-2.4.10.jar;D:\Data\Maven\repository\net\minidev\accessors-smart\2.4.9\accessors-smart-2.4.9.jar;D:\Data\Maven\repository\org\ow2\asm\asm\9.3\asm-9.3.jar;D:\Data\Maven\repository\org\slf4j\slf4j-api\2.0.7\slf4j-api-2.0.7.jar;D:\Data\Maven\repository\jakarta\xml\bind\jakarta.xml.bind-api\4.0.0\jakarta.xml.bind-api-4.0.0.jar;D:\Data\Maven\repository\jakarta\activation\jakarta.activation-api\2.1.1\jakarta.activation-api-2.1.1.jar;D:\Data\Maven\repository\org\assertj\assertj-core\3.23.1\assertj-core-3.23.1.jar;D:\Data\Maven\repository\net\bytebuddy\byte-buddy\1.12.23\byte-buddy-1.12.23.jar;D:\Data\Maven\repository\org\hamcrest\hamcrest\2.2\hamcrest-2.2.jar;D:\Data\Maven\repository\org\junit\jupiter\junit-jupiter\5.9.2\junit-jupiter-5.9.2.jar;D:\Data\Maven\repository\org\junit\jupiter\junit-jupiter-api\5.9.2\junit-jupiter-api-5.9.2.jar;D:\Data\Maven\repository\org\opentest4j\opentest4j\1.2.0\opentest4j-1.2.0.jar;D:\Data\Maven\repository\org\junit\platform\junit-platform-commons\1.9.2\junit-platform-commons-1.9.2.jar;D:\Data\Maven\repository\org\apiguardian\apiguardian-api\1.1.2\apiguardian-api-1.1.2.jar;D:\Data\Maven\repository\org\junit\jupiter\junit-jupiter-params\5.9.2\junit-jupiter-params-5.9.2.jar;D:\Data\Maven\repository\org\junit\jupiter\junit-jupiter-engine\5.9.2\junit-jupiter-engine-5.9.2.jar;D:\Data\Maven\repository\org\junit\platform\junit-platform-engine\1.9.2\junit-platform-engine-1.9.2.jar;D:\Data\Maven\repository\org\mockito\mockito-core\4.8.1\mockito-core-4.8.1.jar;D:\Data\Maven\repository\net\bytebuddy\byte-buddy-agent\1.12.23\byte-buddy-agent-1.12.23.jar;D:\Data\Maven\repository\org\objenesis\objenesis\3.2\objenesis-3.2.jar;D:\Data\Maven\repository\org\mockito\mockito-junit-jupiter\4.8.1\mockito-junit-jupiter-4.8.1.jar;D:\Data\Maven\repository\org\skyscreamer\jsonassert\1.5.1\jsonassert-1.5.1.jar;D:\Data\Maven\repository\com\vaadin\external\google\android-json\0.0.20131108.vaadin1\android-json-0.0.20131108.vaadin1.jar;D:\Data\Maven\repository\org\springframework\spring-core\6.0.7\spring-core-6.0.7.jar;D:\Data\Maven\repository\org\springframework\spring-jcl\6.0.7\spring-jcl-6.0.7.jar;D:\Data\Maven\repository\org\springframework\spring-test\6.0.7\spring-test-6.0.7.jar;D:\Data\Maven\repository\org\xmlunit\xmlunit-core\2.9.1\xmlunit-core-2.9.1.jar;"/>
    <property name="java.vm.vendor" value="Oracle Corporation"/>
    <property name="sun.arch.data.model" value="64"/>
    <property name="user.variant" value=""/>
    <property name="java.vendor.url" value="https://java.oracle.com/"/>
    <property name="user.timezone" value="Asia/Shanghai"/>
    <property name="os.name" value="Windows 10"/>
    <property name="java.vm.specification.version" value="17"/>
    <property name="sun.java.launcher" value="SUN_STANDARD"/>
    <property name="user.country" value="CN"/>
    <property name="sun.boot.library.path" value="D:\Data\jdk-17.0.4.1\bin"/>
    <property name="sun.java.command" value="C:\Users\Administrator\AppData\Local\Temp\surefire11698172683648465679\surefirebooter9595557184999337486.jar C:\Users\Administrator\AppData\Local\Temp\surefire11698172683648465679 2024-07-17T11-43-05_407-jvmRun1 surefire16765862620923617219tmp surefire_03135270512838444694tmp"/>
    <property name="jdk.debug" value="release"/>
    <property name="surefire.test.class.path" value="D:\Data\Java-Space\blog\target\test-classes;D:\Data\Java-Space\blog\target\classes;D:\Data\Maven\repository\io\jsonwebtoken\jjwt\0.9.1\jjwt-0.9.1.jar;D:\Data\Maven\repository\com\fasterxml\jackson\core\jackson-databind\2.14.2\jackson-databind-2.14.2.jar;D:\Data\Maven\repository\com\fasterxml\jackson\core\jackson-annotations\2.14.2\jackson-annotations-2.14.2.jar;D:\Data\Maven\repository\com\fasterxml\jackson\core\jackson-core\2.14.2\jackson-core-2.14.2.jar;D:\Data\Maven\repository\org\springframework\boot\spring-boot-starter-web\3.0.5\spring-boot-starter-web-3.0.5.jar;D:\Data\Maven\repository\org\springframework\boot\spring-boot-starter\3.0.5\spring-boot-starter-3.0.5.jar;D:\Data\Maven\repository\org\springframework\boot\spring-boot\3.0.5\spring-boot-3.0.5.jar;D:\Data\Maven\repository\org\springframework\boot\spring-boot-starter-logging\3.0.5\spring-boot-starter-logging-3.0.5.jar;D:\Data\Maven\repository\ch\qos\logback\logback-classic\1.4.6\logback-classic-1.4.6.jar;D:\Data\Maven\repository\ch\qos\logback\logback-core\1.4.6\logback-core-1.4.6.jar;D:\Data\Maven\repository\org\apache\logging\log4j\log4j-to-slf4j\2.19.0\log4j-to-slf4j-2.19.0.jar;D:\Data\Maven\repository\org\apache\logging\log4j\log4j-api\2.19.0\log4j-api-2.19.0.jar;D:\Data\Maven\repository\org\slf4j\jul-to-slf4j\2.0.7\jul-to-slf4j-2.0.7.jar;D:\Data\Maven\repository\jakarta\annotation\jakarta.annotation-api\2.1.1\jakarta.annotation-api-2.1.1.jar;D:\Data\Maven\repository\org\yaml\snakeyaml\1.33\snakeyaml-1.33.jar;D:\Data\Maven\repository\org\springframework\boot\spring-boot-starter-json\3.0.5\spring-boot-starter-json-3.0.5.jar;D:\Data\Maven\repository\com\fasterxml\jackson\datatype\jackson-datatype-jdk8\2.14.2\jackson-datatype-jdk8-2.14.2.jar;D:\Data\Maven\repository\com\fasterxml\jackson\datatype\jackson-datatype-jsr310\2.14.2\jackson-datatype-jsr310-2.14.2.jar;D:\Data\Maven\repository\com\fasterxml\jackson\module\jackson-module-parameter-names\2.14.2\jackson-module-parameter-names-2.14.2.jar;D:\Data\Maven\repository\org\springframework\boot\spring-boot-starter-tomcat\3.0.5\spring-boot-starter-tomcat-3.0.5.jar;D:\Data\Maven\repository\org\apache\tomcat\embed\tomcat-embed-core\10.1.7\tomcat-embed-core-10.1.7.jar;D:\Data\Maven\repository\org\apache\tomcat\embed\tomcat-embed-websocket\10.1.7\tomcat-embed-websocket-10.1.7.jar;D:\Data\Maven\repository\org\springframework\spring-web\6.0.7\spring-web-6.0.7.jar;D:\Data\Maven\repository\org\springframework\spring-beans\6.0.7\spring-beans-6.0.7.jar;D:\Data\Maven\repository\io\micrometer\micrometer-observation\1.10.5\micrometer-observation-1.10.5.jar;D:\Data\Maven\repository\io\micrometer\micrometer-commons\1.10.5\micrometer-commons-1.10.5.jar;D:\Data\Maven\repository\org\springframework\spring-webmvc\6.0.7\spring-webmvc-6.0.7.jar;D:\Data\Maven\repository\org\springframework\spring-aop\6.0.7\spring-aop-6.0.7.jar;D:\Data\Maven\repository\org\springframework\spring-context\6.0.7\spring-context-6.0.7.jar;D:\Data\Maven\repository\org\springframework\spring-expression\6.0.7\spring-expression-6.0.7.jar;D:\Data\Maven\repository\com\mysql\mysql-connector-j\8.0.32\mysql-connector-j-8.0.32.jar;D:\Data\Maven\repository\cn\hutool\hutool-all\5.8.5\hutool-all-5.8.5.jar;D:\Data\Maven\repository\com\alibaba\druid\1.2.11\druid-1.2.11.jar;D:\Data\Maven\repository\org\projectlombok\lombok\1.18.26\lombok-1.18.26.jar;D:\Data\Maven\repository\com\baomidou\mybatis-plus-spring-boot3-starter\3.5.7\mybatis-plus-spring-boot3-starter-3.5.7.jar;D:\Data\Maven\repository\com\baomidou\mybatis-plus\3.5.7\mybatis-plus-3.5.7.jar;D:\Data\Maven\repository\com\baomidou\mybatis-plus-core\3.5.7\mybatis-plus-core-3.5.7.jar;D:\Data\Maven\repository\com\baomidou\mybatis-plus-annotation\3.5.7\mybatis-plus-annotation-3.5.7.jar;D:\Data\Maven\repository\com\baomidou\mybatis-plus-extension\3.5.7\mybatis-plus-extension-3.5.7.jar;D:\Data\Maven\repository\org\mybatis\mybatis\3.5.16\mybatis-3.5.16.jar;D:\Data\Maven\repository\com\github\jsqlparser\jsqlparser\4.9\jsqlparser-4.9.jar;D:\Data\Maven\repository\org\mybatis\mybatis-spring\3.0.3\mybatis-spring-3.0.3.jar;D:\Data\Maven\repository\com\baomidou\mybatis-plus-spring-boot-autoconfigure\3.5.7\mybatis-plus-spring-boot-autoconfigure-3.5.7.jar;D:\Data\Maven\repository\org\springframework\boot\spring-boot-autoconfigure\3.0.5\spring-boot-autoconfigure-3.0.5.jar;D:\Data\Maven\repository\org\springframework\boot\spring-boot-starter-jdbc\3.0.5\spring-boot-starter-jdbc-3.0.5.jar;D:\Data\Maven\repository\com\zaxxer\HikariCP\5.0.1\HikariCP-5.0.1.jar;D:\Data\Maven\repository\org\springframework\spring-jdbc\6.0.7\spring-jdbc-6.0.7.jar;D:\Data\Maven\repository\org\springframework\spring-tx\6.0.7\spring-tx-6.0.7.jar;D:\Data\Maven\repository\com\auth0\java-jwt\4.4.0\java-jwt-4.4.0.jar;D:\Data\Maven\repository\org\springframework\boot\spring-boot-starter-validation\3.0.5\spring-boot-starter-validation-3.0.5.jar;D:\Data\Maven\repository\org\apache\tomcat\embed\tomcat-embed-el\10.1.7\tomcat-embed-el-10.1.7.jar;D:\Data\Maven\repository\org\hibernate\validator\hibernate-validator\8.0.0.Final\hibernate-validator-8.0.0.Final.jar;D:\Data\Maven\repository\jakarta\validation\jakarta.validation-api\3.0.2\jakarta.validation-api-3.0.2.jar;D:\Data\Maven\repository\org\jboss\logging\jboss-logging\3.5.0.Final\jboss-logging-3.5.0.Final.jar;D:\Data\Maven\repository\com\fasterxml\classmate\1.5.1\classmate-1.5.1.jar;D:\Data\Maven\repository\org\springframework\boot\spring-boot-starter-test\3.0.5\spring-boot-starter-test-3.0.5.jar;D:\Data\Maven\repository\org\springframework\boot\spring-boot-test\3.0.5\spring-boot-test-3.0.5.jar;D:\Data\Maven\repository\org\springframework\boot\spring-boot-test-autoconfigure\3.0.5\spring-boot-test-autoconfigure-3.0.5.jar;D:\Data\Maven\repository\com\jayway\jsonpath\json-path\2.7.0\json-path-2.7.0.jar;D:\Data\Maven\repository\net\minidev\json-smart\2.4.10\json-smart-2.4.10.jar;D:\Data\Maven\repository\net\minidev\accessors-smart\2.4.9\accessors-smart-2.4.9.jar;D:\Data\Maven\repository\org\ow2\asm\asm\9.3\asm-9.3.jar;D:\Data\Maven\repository\org\slf4j\slf4j-api\2.0.7\slf4j-api-2.0.7.jar;D:\Data\Maven\repository\jakarta\xml\bind\jakarta.xml.bind-api\4.0.0\jakarta.xml.bind-api-4.0.0.jar;D:\Data\Maven\repository\jakarta\activation\jakarta.activation-api\2.1.1\jakarta.activation-api-2.1.1.jar;D:\Data\Maven\repository\org\assertj\assertj-core\3.23.1\assertj-core-3.23.1.jar;D:\Data\Maven\repository\net\bytebuddy\byte-buddy\1.12.23\byte-buddy-1.12.23.jar;D:\Data\Maven\repository\org\hamcrest\hamcrest\2.2\hamcrest-2.2.jar;D:\Data\Maven\repository\org\junit\jupiter\junit-jupiter\5.9.2\junit-jupiter-5.9.2.jar;D:\Data\Maven\repository\org\junit\jupiter\junit-jupiter-api\5.9.2\junit-jupiter-api-5.9.2.jar;D:\Data\Maven\repository\org\opentest4j\opentest4j\1.2.0\opentest4j-1.2.0.jar;D:\Data\Maven\repository\org\junit\platform\junit-platform-commons\1.9.2\junit-platform-commons-1.9.2.jar;D:\Data\Maven\repository\org\apiguardian\apiguardian-api\1.1.2\apiguardian-api-1.1.2.jar;D:\Data\Maven\repository\org\junit\jupiter\junit-jupiter-params\5.9.2\junit-jupiter-params-5.9.2.jar;D:\Data\Maven\repository\org\junit\jupiter\junit-jupiter-engine\5.9.2\junit-jupiter-engine-5.9.2.jar;D:\Data\Maven\repository\org\junit\platform\junit-platform-engine\1.9.2\junit-platform-engine-1.9.2.jar;D:\Data\Maven\repository\org\mockito\mockito-core\4.8.1\mockito-core-4.8.1.jar;D:\Data\Maven\repository\net\bytebuddy\byte-buddy-agent\1.12.23\byte-buddy-agent-1.12.23.jar;D:\Data\Maven\repository\org\objenesis\objenesis\3.2\objenesis-3.2.jar;D:\Data\Maven\repository\org\mockito\mockito-junit-jupiter\4.8.1\mockito-junit-jupiter-4.8.1.jar;D:\Data\Maven\repository\org\skyscreamer\jsonassert\1.5.1\jsonassert-1.5.1.jar;D:\Data\Maven\repository\com\vaadin\external\google\android-json\0.0.20131108.vaadin1\android-json-0.0.20131108.vaadin1.jar;D:\Data\Maven\repository\org\springframework\spring-core\6.0.7\spring-core-6.0.7.jar;D:\Data\Maven\repository\org\springframework\spring-jcl\6.0.7\spring-jcl-6.0.7.jar;D:\Data\Maven\repository\org\springframework\spring-test\6.0.7\spring-test-6.0.7.jar;D:\Data\Maven\repository\org\xmlunit\xmlunit-core\2.9.1\xmlunit-core-2.9.1.jar;"/>
    <property name="sun.cpu.endian" value="little"/>
    <property name="user.home" value="C:\Users\Administrator"/>
    <property name="user.language" value="zh"/>
    <property name="java.specification.vendor" value="Oracle Corporation"/>
    <property name="java.version.date" value="2023-01-17"/>
    <property name="java.home" value="D:\Data\jdk-17.0.4.1"/>
    <property name="file.separator" value="\"/>
    <property name="basedir" value="D:\Data\Java-Space\blog"/>
    <property name="java.vm.compressedOopsMode" value="Zero based"/>
    <property name="line.separator" value="&#10;"/>
    <property name="java.vm.specification.vendor" value="Oracle Corporation"/>
    <property name="java.specification.name" value="Java Platform API Specification"/>
    <property name="surefire.real.class.path" value="C:\Users\Administrator\AppData\Local\Temp\surefire11698172683648465679\surefirebooter9595557184999337486.jar"/>
    <property name="user.script" value=""/>
    <property name="sun.management.compiler" value="HotSpot 64-Bit Tiered Compilers"/>
    <property name="java.runtime.version" value="17.0.6+9-LTS-190"/>
    <property name="user.name" value="Administrator"/>
    <property name="path.separator" value=";"/>
    <property name="os.version" value="10.0"/>
    <property name="java.runtime.name" value="Java(TM) SE Runtime Environment"/>
    <property name="file.encoding" value="GBK"/>
    <property name="java.vm.name" value="Java HotSpot(TM) 64-Bit Server VM"/>
    <property name="localRepository" value="D:\Data\Maven\repository"/>
    <property name="java.vendor.url.bug" value="https://bugreport.java.com/bugreport/"/>
    <property name="java.io.tmpdir" value="C:\Users\Administrator\AppData\Local\Temp\"/>
    <property name="idea.version" value="2023.1"/>
    <property name="java.version" value="17.0.6"/>
    <property name="user.dir" value="D:\Data\Java-Space\blog"/>
    <property name="os.arch" value="amd64"/>
    <property name="java.vm.specification.name" value="Java Virtual Machine Specification"/>
    <property name="sun.os.patch.level" value=""/>
    <property name="native.encoding" value="GBK"/>
    <property name="java.library.path" value="D:\Data\jdk-17.0.4.1\bin;C:\Windows\Sun\Java\bin;C:\Windows\system32;C:\Windows;C:\Program Files\Common Files\Oracle\Java\javapath;C:\Windows\system32;C:\Windows;C:\Windows\System32\Wbem;C:\Windows\System32\WindowsPowerShell\v1.0\;C:\Windows\System32\OpenSSH\;C:\Program Files (x86)\NVIDIA Corporation\PhysX\Common;D:\Data\Maven\apache-maven-3.9.1\bin;D:\Program Files\Git\cmd;D:\Data\Node.js\node_global\node_modules;C:\Users\Administrator\AppData\Local\Microsoft\WindowsApps;F:\IntelliJ IDEA 2023.1\bin;D:\Data\Node.js\node_global;D:\Program Files\Microsoft VS Code\bin;D:\Data\go\bin;C:\Users\Administrator\AppData\Local\Microsoft\WindowsApps;F:\IntelliJ IDEA 2023.1\bin;D:\Data\Node.js\node_global;D:\Program Files\Microsoft VS Code\bin;C:\Users\Administrator\go\bin;C:\Users\Administrator\AppData\Local\Microsoft\WindowsApps;F:\IntelliJ IDEA 2023.1\bin;D:\Data\Node.js\node_global;D:\Data\MySQL\MySQL Server 8.0\bin;D:\安装包\netcat-win32-1.12;D:\Data\protoc-3.9.0-win64\bin;D:\Data\GoSpace\bin;C:\Program Files\Microsoft SQL Server\150\Tools\Binn\;D:\Data\mingw64\bin;C:\opencv\build\install\x64\mingw\bin;D:\Program Files\CMake\bin;C:\Program Files\NVIDIA Corporation\NVIDIA NvDLISR;C:\Program Files\dotnet\;C:\Users\Administrator\AppData\Roaming\nvm;C:\Program Files\nodejs;D:\Data\Python\Scripts\;D:\Data\Python\;F:\IntelliJ IDEA 2023.1\bin;;D:\Data\Node.js\node_global;C:\Users\Administrator\go\bin;E:\Program Files\JetBrains\GoLand 2023.2.1\bin;;C:\Users\Administrator\AppData\Local\Microsoft\WindowsApps;D:\Program Files\Microsoft VS Code\bin;C:\Users\Administrator\AppData\Roaming\npm;C:\Users\Administrator\AppData\Roaming\nvm;C:\Program Files\nodejs;E:\Program Files\JetBrains\WebStorm 2024.1.5\bin;;."/>
    <property name="java.vm.info" value="mixed mode, sharing"/>
    <property name="java.vendor" value="Oracle Corporation"/>
    <property name="java.vm.version" value="17.0.6+9-LTS-190"/>
    <property name="sun.io.unicode.encoding" value="UnicodeLittle"/>
    <property name="maven.repo.local" value="D:\Data\Maven\repository"/>
    <property name="java.class.version" value="61.0"/>
  </properties>
  <testcase name="contextLoads" classname="com.mirror.BlogApplicationTests" time="0.457"/>
</testsuite>